android/app/build/outputs/logs/manifest-merger-debug-report.txt
-- Merging decision tree log ---
manifest
ADDED from src/main/AndroidManifest.xml:1:1-65:12
INJECTED from src/main/AndroidManifest.xml:1:1-65:12
INJECTED from src/main/AndroidManifest.xml:1:1-65:12
INJECTED from src/main/AndroidManifest.xml:1:1-65:12
MERGED from src/main/AndroidManifest.xml:1:1-65:12
MERGED from [:awesome_notifications] AndroidManifest.xml:2:1-62:12
MERGED from [:android_alarm_manager_plus] AndroidManifest.xml:2:1-7:12
MERGED from [:flutter_local_notifications] AndroidManifest.xml:2:1-23:12
MERGED from [:path_provider] AndroidManifest.xml:2:1-7:12
MERGED from [:connectivity_plus] AndroidManifest.xml:2:1-9:12
MERGED from [androidx.legacy:legacy-support-v4:1.0.0] AndroidManifest.xml:17:1-22:12
MERGED from [androidx.appcompat:appcompat:1.0.0] AndroidManifest.xml:17:1-22:12
MERGED from [androidx.media:media:1.1.0] AndroidManifest.xml:17:1-24:12
MERGED from [androidx.fragment:fragment:1.1.0] AndroidManifest.xml:17:1-24:12
MERGED from [androidx.vectordrawable:vectordrawable-animated:1.0.0] AndroidManifest.xml:17:1-22:12
MERGED from [androidx.legacy:legacy-support-core-ui:1.0.0] AndroidManifest.xml:17:1-22:12
MERGED from [androidx.legacy:legacy-support-core-utils:1.0.0] AndroidManifest.xml:17:1-22:12
MERGED from [androidx.vectordrawable:vectordrawable:1.0.0] AndroidManifest.xml:17:1-22:12
MERGED from [androidx.viewpager:viewpager:1.0.0] AndroidManifest.xml:17:1-22:12
MERGED from [androidx.loader:loader:1.0.0] AndroidManifest.xml:17:1-22:12
MERGED from [androidx.activity:activity:1.0.0] AndroidManifest.xml:17:1-24:12
MERGED from [androidx.coordinatorlayout:coordinatorlayout:1.0.0] AndroidManifest.xml:17:1-22:12
MERGED from [androidx.drawerlayout:drawerlayout:1.0.0] AndroidManifest.xml:17:1-22:12
MERGED from [androidx.slidingpanelayout:slidingpanelayout:1.0.0] AndroidManifest.xml:17:1-22:12
MERGED from [androidx.customview:customview:1.0.0] AndroidManifest.xml:17:1-22:12
MERGED from [androidx.swiperefreshlayout:swiperefreshlayout:1.0.0] AndroidManifest.xml:17:1-22:12
MERGED from [androidx.asynclayoutinflater:asynclayoutinflater:1.0.0] AndroidManifest.xml:17:1-22:12
MERGED from [androidx.core:core:1.3.1] AndroidManifest.xml:17:1-26:12
MERGED from [com.github.arturogutierrez:badges:1.0.5] AndroidManifest.xml:2:1-20:12
MERGED from [androidx.localbroadcastmanager:localbroadcastmanager:1.0.0] AndroidManifest.xml:17:1-22:12
MERGED from [androidx.lifecycle:lifecycle-viewmodel-savedstate:2.2.0] AndroidManifest.xml:17:1-24:12
MERGED from [androidx.lifecycle:lifecycle-viewmodel:2.2.0] AndroidManifest.xml:17:1-24:12
MERGED from [androidx.lifecycle:lifecycle-service:2.2.0] AndroidManifest.xml:17:1-24:12
MERGED from [androidx.lifecycle:lifecycle-process:2.2.0] AndroidManifest.xml:17:1-32:12
MERGED from [androidx.lifecycle:lifecycle-reactivestreams:2.2.0] AndroidManifest.xml:17:1-24:12
MERGED from [androidx.lifecycle:lifecycle-runtime:2.2.0] AndroidManifest.xml:17:1-24:12
MERGED from [androidx.lifecycle:lifecycle-livedata:2.2.0] AndroidManifest.xml:17:1-24:12
MERGED from [androidx.lifecycle:lifecycle-livedata-core:2.2.0] AndroidManifest.xml:17:1-24:12
MERGED from [androidx.savedstate:savedstate:1.0.0] AndroidManifest.xml:17:1-24:12
MERGED from [androidx.versionedparcelable:versionedparcelable:1.1.0] AndroidManifest.xml:17:1-27:12
MERGED from [androidx.arch.core:core-runtime:2.1.0] AndroidManifest.xml:17:1-24:12
MERGED from [androidx.cursoradapter:cursoradapter:1.0.0] AndroidManifest.xml:17:1-22:12
MERGED from [androidx.documentfile:documentfile:1.0.0] AndroidManifest.xml:17:1-22:12
MERGED from [androidx.print:print:1.0.0] AndroidManifest.xml:17:1-22:12
MERGED from [androidx.interpolator:interpolator:1.0.0] AndroidManifest.xml:17:1-22:12
MERGED from [com.jakewharton.threetenabp:threetenabp:1.2.3] AndroidManifest.xml:2:1-9:12
INJECTED from src/debug/AndroidManifest.xml:1:1-7:12
INJECTED from src/debug/AndroidManifest.xml:1:1-7:12
INJECTED from src/debug/AndroidManifest.xml:1:1-7:12
	package
		ADDED from src/main/AndroidManifest.xml:2:5-37
		INJECTED from src/main/AndroidManifest.xml
		INJECTED from src/debug/AndroidManifest.xml
	android:versionName
		INJECTED from src/main/AndroidManifest.xml
		ADDED from src/main/AndroidManifest.xml:1:1-65:12
		INJECTED from src/debug/AndroidManifest.xml
	android:versionCode
		INJECTED from src/main/AndroidManifest.xml
		ADDED from src/main/AndroidManifest.xml:1:1-65:12
		INJECTED from src/debug/AndroidManifest.xml
	xmlns:android
		ADDED from src/main/AndroidManifest.xml:1:11-69
uses-permission#android.permission.INTERNET
ADDED from src/main/AndroidManifest.xml:4:4-66
MERGED from src/main/AndroidManifest.xml:4:4-66
MERGED from src/main/AndroidManifest.xml:4:4-66
	android:name
		ADDED from src/main/AndroidManifest.xml:4:21-63
uses-permission#android.permission.RECEIVE_BOOT_COMPLETED
ADDED from src/main/AndroidManifest.xml:5:4-79
MERGED from [:awesome_notifications] AndroidManifest.xml:17:5-81
MERGED from [:awesome_notifications] AndroidManifest.xml:17:5-81
MERGED from [:flutter_local_notifications] AndroidManifest.xml:7:5-81
MERGED from [:flutter_local_notifications] AndroidManifest.xml:7:5-81
	android:name
		ADDED from src/main/AndroidManifest.xml:5:21-77
uses-permission#android.permission.WAKE_LOCK
ADDED from src/main/AndroidManifest.xml:6:4-66
	android:name
		ADDED from src/main/AndroidManifest.xml:6:21-64
application
ADDED from src/main/AndroidManifest.xml:9:4-64:19
MERGED from [:awesome_notifications] AndroidManifest.xml:19:5-60:19
MERGED from [:awesome_notifications] AndroidManifest.xml:19:5-60:19
MERGED from [:flutter_local_notifications] AndroidManifest.xml:11:5-21:19
MERGED from [:flutter_local_notifications] AndroidManifest.xml:11:5-21:19
MERGED from [androidx.core:core:1.3.1] AndroidManifest.xml:24:5-89
MERGED from [androidx.core:core:1.3.1] AndroidManifest.xml:24:5-89
MERGED from [androidx.lifecycle:lifecycle-process:2.2.0] AndroidManifest.xml:24:5-30:19
MERGED from [androidx.lifecycle:lifecycle-process:2.2.0] AndroidManifest.xml:24:5-30:19
MERGED from [androidx.versionedparcelable:versionedparcelable:1.1.0] AndroidManifest.xml:24:5-25:19
MERGED from [androidx.versionedparcelable:versionedparcelable:1.1.0] AndroidManifest.xml:24:5-25:19
MERGED from [com.jakewharton.threetenabp:threetenabp:1.2.3] AndroidManifest.xml:7:5-20
MERGED from [com.jakewharton.threetenabp:threetenabp:1.2.3] AndroidManifest.xml:7:5-20
	android:appComponentFactory
		ADDED from [androidx.core:core:1.3.1] AndroidManifest.xml:24:18-86
	android:label
		ADDED from src/main/AndroidManifest.xml:11:9-32
	android:icon
		ADDED from src/main/AndroidManifest.xml:12:9-43
	android:name
		ADDED from src/main/AndroidManifest.xml:10:9-57
service#dev.fluttercommunity.plus.androidalarmmanager.AlarmService
ADDED from src/main/AndroidManifest.xml:13:9-16:31
	android:exported
		ADDED from src/main/AndroidManifest.xml:16:5-29
	android:permission
		ADDED from src/main/AndroidManifest.xml:15:5-61
	android:name
		ADDED from src/main/AndroidManifest.xml:14:5-78
receiver#dev.fluttercommunity.plus.androidalarmmanager.AlarmBroadcastReceiver
ADDED from src/main/AndroidManifest.xml:17:1-19:31
	android:exported
		ADDED from src/main/AndroidManifest.xml:19:5-29
	android:name
		ADDED from src/main/AndroidManifest.xml:18:5-88
receiver#dev.fluttercommunity.plus.androidalarmmanager.RebootBroadcastReceiver
ADDED from src/main/AndroidManifest.xml:20:1-26:12
	android:enabled
		ADDED from src/main/AndroidManifest.xml:22:5-28
	android:name
		ADDED from src/main/AndroidManifest.xml:21:5-89
intent-filter#action:name:android.intent.action.BOOT_COMPLETED
ADDED from src/main/AndroidManifest.xml:23:5-25:21
action#android.intent.action.BOOT_COMPLETED
ADDED from src/main/AndroidManifest.xml:24:9-78
	android:name
		ADDED from src/main/AndroidManifest.xml:24:17-68
activity#com.kardusinfo.foodifa.MainActivity
ADDED from src/main/AndroidManifest.xml:27:9-57:20
	android:turnScreenOn
		ADDED from src/main/AndroidManifest.xml:29:13-40
	android:showWhenLocked
		ADDED from src/main/AndroidManifest.xml:28:13-42
	android:launchMode
		ADDED from src/main/AndroidManifest.xml:31:13-43
	android:hardwareAccelerated
		ADDED from src/main/AndroidManifest.xml:34:13-47
	android:windowSoftInputMode
		ADDED from src/main/AndroidManifest.xml:35:13-55
	android:configChanges
		ADDED from src/main/AndroidManifest.xml:33:13-163
	android:theme
		ADDED from src/main/AndroidManifest.xml:32:13-47
	android:name
		ADDED from src/main/AndroidManifest.xml:30:13-41
meta-data#io.flutter.embedding.android.NormalTheme
ADDED from src/main/AndroidManifest.xml:40:13-43:17
	android:resource
		ADDED from src/main/AndroidManifest.xml:42:15-52
	android:name
		ADDED from src/main/AndroidManifest.xml:41:15-70
meta-data#io.flutter.embedding.android.SplashScreenDrawable
ADDED from src/main/AndroidManifest.xml:49:13-52:17
	android:resource
		ADDED from src/main/AndroidManifest.xml:51:15-61
	android:name
		ADDED from src/main/AndroidManifest.xml:50:15-79
intent-filter#action:name:android.intent.action.MAIN+category:name:android.intent.category.LAUNCHER
ADDED from src/main/AndroidManifest.xml:53:13-56:29
action#android.intent.action.MAIN
ADDED from src/main/AndroidManifest.xml:54:17-68
	android:name
		ADDED from src/main/AndroidManifest.xml:54:25-66
category#android.intent.category.LAUNCHER
ADDED from src/main/AndroidManifest.xml:55:17-76
	android:name
		ADDED from src/main/AndroidManifest.xml:55:27-74
meta-data#flutterEmbedding
ADDED from src/main/AndroidManifest.xml:61:9-63:33
	android:value
		ADDED from src/main/AndroidManifest.xml:63:13-30
	android:name
		ADDED from src/main/AndroidManifest.xml:62:13-44
uses-sdk
INJECTED from src/main/AndroidManifest.xml reason: use-sdk injection requested
INJECTED from src/main/AndroidManifest.xml
INJECTED from src/main/AndroidManifest.xml
MERGED from [:awesome_notifications] AndroidManifest.xml:5:5-44
MERGED from [:awesome_notifications] AndroidManifest.xml:5:5-44
MERGED from [:android_alarm_manager_plus] AndroidManifest.xml:5:5-44
MERGED from [:android_alarm_manager_plus] AndroidManifest.xml:5:5-44
MERGED from [:flutter_local_notifications] AndroidManifest.xml:5:5-44
MERGED from [:flutter_local_notifications] AndroidManifest.xml:5:5-44
MERGED from [:path_provider] AndroidManifest.xml:5:5-44
MERGED from [:path_provider] AndroidManifest.xml:5:5-44
MERGED from [:connectivity_plus] AndroidManifest.xml:5:5-44
MERGED from [:connectivity_plus] AndroidManifest.xml:5:5-44
MERGED from [androidx.legacy:legacy-support-v4:1.0.0] AndroidManifest.xml:20:5-44
MERGED from [androidx.legacy:legacy-support-v4:1.0.0] AndroidManifest.xml:20:5-44
MERGED from [androidx.appcompat:appcompat:1.0.0] AndroidManifest.xml:20:5-44
MERGED from [androidx.appcompat:appcompat:1.0.0] AndroidManifest.xml:20:5-44
MERGED from [androidx.media:media:1.1.0] AndroidManifest.xml:20:5-22:41
MERGED from [androidx.media:media:1.1.0] AndroidManifest.xml:20:5-22:41
MERGED from [androidx.fragment:fragment:1.1.0] AndroidManifest.xml:20:5-22:41
MERGED from [androidx.fragment:fragment:1.1.0] AndroidManifest.xml:20:5-22:41
MERGED from [androidx.vectordrawable:vectordrawable-animated:1.0.0] AndroidManifest.xml:20:5-44
MERGED from [androidx.vectordrawable:vectordrawable-animated:1.0.0] AndroidManifest.xml:20:5-44
MERGED from [androidx.legacy:legacy-support-core-ui:1.0.0] AndroidManifest.xml:20:5-44
MERGED from [androidx.legacy:legacy-support-core-ui:1.0.0] AndroidManifest.xml:20:5-44
MERGED from [androidx.legacy:legacy-support-core-utils:1.0.0] AndroidManifest.xml:20:5-44
MERGED from [androidx.legacy:legacy-support-core-utils:1.0.0] AndroidManifest.xml:20:5-44
MERGED from [androidx.vectordrawable:vectordrawable:1.0.0] AndroidManifest.xml:20:5-44
MERGED from [androidx.vectordrawable:vectordrawable:1.0.0] AndroidManifest.xml:20:5-44
MERGED from [androidx.viewpager:viewpager:1.0.0] AndroidManifest.xml:20:5-44
MERGED from [androidx.viewpager:viewpager:1.0.0] AndroidManifest.xml:20:5-44
MERGED from [androidx.loader:loader:1.0.0] AndroidManifest.xml:20:5-44
MERGED from [androidx.loader:loader:1.0.0] AndroidManifest.xml:20:5-44
MERGED from [androidx.activity:activity:1.0.0] AndroidManifest.xml:20:5-22:41
MERGED from [androidx.activity:activity:1.0.0] AndroidManifest.xml:20:5-22:41
MERGED from [androidx.coordinatorlayout:coordinatorlayout:1.0.0] AndroidManifest.xml:20:5-44
MERGED from [androidx.coordinatorlayout:coordinatorlayout:1.0.0] AndroidManifest.xml:20:5-44
MERGED from [androidx.drawerlayout:drawerlayout:1.0.0] AndroidManifest.xml:20:5-44
MERGED from [androidx.drawerlayout:drawerlayout:1.0.0] AndroidManifest.xml:20:5-44
MERGED from [androidx.slidingpanelayout:slidingpanelayout:1.0.0] AndroidManifest.xml:20:5-44
MERGED from [androidx.slidingpanelayout:slidingpanelayout:1.0.0] AndroidManifest.xml:20:5-44
MERGED from [androidx.customview:customview:1.0.0] AndroidManifest.xml:20:5-44
MERGED from [androidx.customview:customview:1.0.0] AndroidManifest.xml:20:5-44
MERGED from [androidx.swiperefreshlayout:swiperefreshlayout:1.0.0] AndroidManifest.xml:20:5-44
MERGED from [androidx.swiperefreshlayout:swiperefreshlayout:1.0.0] AndroidManifest.xml:20:5-44
MERGED from [androidx.asynclayoutinflater:asynclayoutinflater:1.0.0] AndroidManifest.xml:20:5-44
MERGED from [androidx.asynclayoutinflater:asynclayoutinflater:1.0.0] AndroidManifest.xml:20:5-44
MERGED from [androidx.core:core:1.3.1] AndroidManifest.xml:20:5-22:41
MERGED from [androidx.core:core:1.3.1] AndroidManifest.xml:20:5-22:41
MERGED from [com.github.arturogutierrez:badges:1.0.5] AndroidManifest.xml:5:5-7:41
MERGED from [com.github.arturogutierrez:badges:1.0.5] AndroidManifest.xml:5:5-7:41
MERGED from [androidx.localbroadcastmanager:localbroadcastmanager:1.0.0] AndroidManifest.xml:20:5-44
MERGED from [androidx.localbroadcastmanager:localbroadcastmanager:1.0.0] AndroidManifest.xml:20:5-44
MERGED from [androidx.lifecycle:lifecycle-viewmodel-savedstate:2.2.0] AndroidManifest.xml:20:5-22:41
MERGED from [androidx.lifecycle:lifecycle-viewmodel-savedstate:2.2.0] AndroidManifest.xml:20:5-22:41
MERGED from [androidx.lifecycle:lifecycle-viewmodel:2.2.0] AndroidManifest.xml:20:5-22:41
MERGED from [androidx.lifecycle:lifecycle-viewmodel:2.2.0] AndroidManifest.xml:20:5-22:41
MERGED from [androidx.lifecycle:lifecycle-service:2.2.0] AndroidManifest.xml:20:5-22:41
MERGED from [androidx.lifecycle:lifecycle-service:2.2.0] AndroidManifest.xml:20:5-22:41
MERGED from [androidx.lifecycle:lifecycle-process:2.2.0] AndroidManifest.xml:20:5-22:41
MERGED from [androidx.lifecycle:lifecycle-process:2.2.0] AndroidManifest.xml:20:5-22:41
MERGED from [androidx.lifecycle:lifecycle-reactivestreams:2.2.0] AndroidManifest.xml:20:5-22:41
MERGED from [androidx.lifecycle:lifecycle-reactivestreams:2.2.0] AndroidManifest.xml:20:5-22:41
MERGED from [androidx.lifecycle:lifecycle-runtime:2.2.0] AndroidManifest.xml:20:5-22:41
MERGED from [androidx.lifecycle:lifecycle-runtime:2.2.0] AndroidManifest.xml:20:5-22:41
MERGED from [androidx.lifecycle:lifecycle-livedata:2.2.0] AndroidManifest.xml:20:5-22:41
MERGED from [androidx.lifecycle:lifecycle-livedata:2.2.0] AndroidManifest.xml:20:5-22:41
MERGED from [androidx.lifecycle:lifecycle-livedata-core:2.2.0] AndroidManifest.xml:20:5-22:41
MERGED from [androidx.lifecycle:lifecycle-livedata-core:2.2.0] AndroidManifest.xml:20:5-22:41
MERGED from [androidx.savedstate:savedstate:1.0.0] AndroidManifest.xml:20:5-22:41
MERGED from [androidx.savedstate:savedstate:1.0.0] AndroidManifest.xml:20:5-22:41
MERGED from [androidx.versionedparcelable:versionedparcelable:1.1.0] AndroidManifest.xml:20:5-22:41
MERGED from [androidx.versionedparcelable:versionedparcelable:1.1.0] AndroidManifest.xml:20:5-22:41
MERGED from [androidx.arch.core:core-runtime:2.1.0] AndroidManifest.xml:20:5-22:41
MERGED from [androidx.arch.core:core-runtime:2.1.0] AndroidManifest.xml:20:5-22:41
MERGED from [androidx.cursoradapter:cursoradapter:1.0.0] AndroidManifest.xml:20:5-44
MERGED from [androidx.cursoradapter:cursoradapter:1.0.0] AndroidManifest.xml:20:5-44
MERGED from [androidx.documentfile:documentfile:1.0.0] AndroidManifest.xml:20:5-44
MERGED from [androidx.documentfile:documentfile:1.0.0] AndroidManifest.xml:20:5-44
MERGED from [androidx.print:print:1.0.0] AndroidManifest.xml:20:5-44
MERGED from [androidx.print:print:1.0.0] AndroidManifest.xml:20:5-44
MERGED from [androidx.interpolator:interpolator:1.0.0] AndroidManifest.xml:20:5-44
MERGED from [androidx.interpolator:interpolator:1.0.0] AndroidManifest.xml:20:5-44
MERGED from [com.jakewharton.threetenabp:threetenabp:1.2.3] AndroidManifest.xml:5:5-44
MERGED from [com.jakewharton.threetenabp:threetenabp:1.2.3] AndroidManifest.xml:5:5-44
INJECTED from src/debug/AndroidManifest.xml
INJECTED from src/debug/AndroidManifest.xml
	android:targetSdkVersion
		INJECTED from src/main/AndroidManifest.xml
		INJECTED from src/debug/AndroidManifest.xml
	android:minSdkVersion
		INJECTED from src/main/AndroidManifest.xml
		INJECTED from src/debug/AndroidManifest.xml
uses-permission#com.sec.android.provider.badge.permission.READ
ADDED from [:awesome_notifications] AndroidManifest.xml:8:5-86
MERGED from [com.github.arturogutierrez:badges:1.0.5] AndroidManifest.xml:10:5-86
MERGED from [com.github.arturogutierrez:badges:1.0.5] AndroidManifest.xml:10:5-86
	android:name
		ADDED from [:awesome_notifications] AndroidManifest.xml:8:22-83
uses-permission#com.sec.android.provider.badge.permission.WRITE
ADDED from [:awesome_notifications] AndroidManifest.xml:9:5-87
MERGED from [com.github.arturogutierrez:badges:1.0.5] AndroidManifest.xml:11:5-87
MERGED from [com.github.arturogutierrez:badges:1.0.5] AndroidManifest.xml:11:5-87
	android:name
		ADDED from [:awesome_notifications] AndroidManifest.xml:9:22-84
uses-permission#com.sonyericsson.home.permission.BROADCAST_BADGE
ADDED from [:awesome_notifications] AndroidManifest.xml:12:5-88
MERGED from [com.github.arturogutierrez:badges:1.0.5] AndroidManifest.xml:14:5-88
MERGED from [com.github.arturogutierrez:badges:1.0.5] AndroidManifest.xml:14:5-88
	android:name
		ADDED from [:awesome_notifications] AndroidManifest.xml:12:22-85
uses-permission#com.htc.launcher.permission.READ_SETTINGS
ADDED from [:awesome_notifications] AndroidManifest.xml:15:5-81
MERGED from [com.github.arturogutierrez:badges:1.0.5] AndroidManifest.xml:17:5-81
MERGED from [com.github.arturogutierrez:badges:1.0.5] AndroidManifest.xml:17:5-81
	android:name
		ADDED from [:awesome_notifications] AndroidManifest.xml:15:22-78
uses-permission#com.htc.launcher.permission.UPDATE_SHORTCUT
ADDED from [:awesome_notifications] AndroidManifest.xml:16:5-83
MERGED from [com.github.arturogutierrez:badges:1.0.5] AndroidManifest.xml:18:5-83
MERGED from [com.github.arturogutierrez:badges:1.0.5] AndroidManifest.xml:18:5-83
	android:name
		ADDED from [:awesome_notifications] AndroidManifest.xml:16:22-80
receiver#me.carda.awesome_notifications.notifications.broadcastReceivers.DismissedNotificationReceiver
ADDED from [:awesome_notifications] AndroidManifest.xml:41:9-130
	android:name
		ADDED from [:awesome_notifications] AndroidManifest.xml:41:19-127
receiver#me.carda.awesome_notifications.notifications.broadcastReceivers.ScheduledNotificationReceiver
ADDED from [:awesome_notifications] AndroidManifest.xml:42:9-130
	android:name
		ADDED from [:awesome_notifications] AndroidManifest.xml:42:19-127
receiver#me.carda.awesome_notifications.notifications.broadcastReceivers.KeepOnTopActionReceiver
ADDED from [:awesome_notifications] AndroidManifest.xml:43:9-124
	android:name
		ADDED from [:awesome_notifications] AndroidManifest.xml:43:19-121
receiver#me.carda.awesome_notifications.notifications.broadcastReceivers.RefreshNotificationBootReceiver
ADDED from [:awesome_notifications] AndroidManifest.xml:44:9-54:20
	android:name
		ADDED from [:awesome_notifications] AndroidManifest.xml:44:19-129
intent-filter#action:name:android.intent.action.BOOT_COMPLETED+action:name:android.intent.action.LOCKED_BOOT_COMPLETED+action:name:android.intent.action.MY_PACKAGE_REPLACED+action:name:android.intent.action.QUICKBOOT_POWERON+action:name:com.htc.intent.action.QUICKBOOT_POWERON+category:name:android.intent.category.DEFAULT
ADDED from [:awesome_notifications] AndroidManifest.xml:45:13-53:29
category#android.intent.category.DEFAULT
ADDED from [:awesome_notifications] AndroidManifest.xml:46:17-76
	android:name
		ADDED from [:awesome_notifications] AndroidManifest.xml:46:27-73
action#android.intent.action.LOCKED_BOOT_COMPLETED
ADDED from [:awesome_notifications] AndroidManifest.xml:49:17-86
	android:name
		ADDED from [:awesome_notifications] AndroidManifest.xml:49:25-83
action#android.intent.action.MY_PACKAGE_REPLACED
ADDED from [:awesome_notifications] AndroidManifest.xml:50:17-84
	android:name
		ADDED from [:awesome_notifications] AndroidManifest.xml:50:25-81
action#android.intent.action.QUICKBOOT_POWERON
ADDED from [:awesome_notifications] AndroidManifest.xml:51:17-82
	android:name
		ADDED from [:awesome_notifications] AndroidManifest.xml:51:25-79
action#com.htc.intent.action.QUICKBOOT_POWERON
ADDED from [:awesome_notifications] AndroidManifest.xml:52:17-82
	android:name
		ADDED from [:awesome_notifications] AndroidManifest.xml:52:25-79
receiver#androidx.media.session.MediaButtonReceiver
ADDED from [:awesome_notifications] AndroidManifest.xml:55:9-59:20
	android:name
		ADDED from [:awesome_notifications] AndroidManifest.xml:55:19-76
intent-filter#action:name:android.intent.action.MEDIA_BUTTON
ADDED from [:awesome_notifications] AndroidManifest.xml:56:13-58:29
action#android.intent.action.MEDIA_BUTTON
ADDED from [:awesome_notifications] AndroidManifest.xml:57:17-77
	android:name
		ADDED from [:awesome_notifications] AndroidManifest.xml:57:25-74
uses-permission#android.permission.VIBRATE
ADDED from [:flutter_local_notifications] AndroidManifest.xml:8:5-66
	android:name
		ADDED from [:flutter_local_notifications] AndroidManifest.xml:8:22-63
uses-permission#android.permission.USE_FULL_SCREEN_INTENT
ADDED from [:flutter_local_notifications] AndroidManifest.xml:9:5-81
	android:name
		ADDED from [:flutter_local_notifications] AndroidManifest.xml:9:22-78
receiver#com.dexterous.flutterlocalnotifications.ScheduledNotificationReceiver
ADDED from [:flutter_local_notifications] AndroidManifest.xml:12:9-106
	android:name
		ADDED from [:flutter_local_notifications] AndroidManifest.xml:12:19-103
receiver#com.dexterous.flutterlocalnotifications.ScheduledNotificationBootReceiver
ADDED from [:flutter_local_notifications] AndroidManifest.xml:13:9-20:20
	android:name
		ADDED from [:flutter_local_notifications] AndroidManifest.xml:13:19-107
intent-filter#action:name:android.intent.action.BOOT_COMPLETED+action:name:android.intent.action.MY_PACKAGE_REPLACED+action:name:android.intent.action.QUICKBOOT_POWERON+action:name:com.htc.intent.action.QUICKBOOT_POWERON
ADDED from [:flutter_local_notifications] AndroidManifest.xml:14:13-19:29
uses-permission#android.permission.ACCESS_NETWORK_STATE
ADDED from [:connectivity_plus] AndroidManifest.xml:7:5-79
	android:name
		ADDED from [:connectivity_plus] AndroidManifest.xml:7:22-76
provider#androidx.lifecycle.ProcessLifecycleOwnerInitializer
ADDED from [androidx.lifecycle:lifecycle-process:2.2.0] AndroidManifest.xml:25:9-29:43
	android:authorities
		ADDED from [androidx.lifecycle:lifecycle-process:2.2.0] AndroidManifest.xml:27:13-69
	android:multiprocess
		ADDED from [androidx.lifecycle:lifecycle-process:2.2.0] AndroidManifest.xml:29:13-40
	android:exported
		ADDED from [androidx.lifecycle:lifecycle-process:2.2.0] AndroidManifest.xml:28:13-37
	android:name
		ADDED from [androidx.lifecycle:lifecycle-process:2.2.0] AndroidManifest.xml:26:13-79